<?xml version="1.0" encoding="UTF-8"?>
<!-- Generated by org.testng.reporters.JUnitReportReporter -->
<testsuite hostname="LIN80025068" failures="0" tests="1" name="testScenarios.IrctcBookPageTest" time="3.127" errors="0" timestamp="2022-08-22T14:10:13 IST" skipped="0">
  <testcase classname="testScenarios.IrctcBookPageTest" name="bookPageOperation" time="3.127"/>
  <system-out/>
</testsuite> <!-- testScenarios.IrctcBookPageTest -->
