<?xml version="1.0" encoding="UTF-8"?>
<!-- Generated by org.testng.reporters.JUnitReportReporter -->
<testsuite hostname="LIN80025068" failures="0" tests="3" name="testScenarios.IrctcHomePageTest" time="73.149" errors="0" timestamp="2022-08-07T20:38:37 IST" skipped="0">
  <testcase classname="testScenarios.IrctcHomePageTest" name="homePageOperation" time="19.865"/>
  <system-out/>
  <testcase classname="testScenarios.IrctcHomePageTest" name="bookPageOperation" time="38.273"/>
  <system-out/>
  <testcase classname="testScenarios.IrctcHomePageTest" name="loginPageOperation" time="15.011"/>
  <system-out/>
</testsuite> <!-- testScenarios.IrctcHomePageTest -->
