<?xml version="1.0" encoding="UTF-8"?>
<!-- Generated by org.testng.reporters.JUnitReportReporter -->
<testsuite hostname="LIN80025068" failures="0" tests="1" name="testScenarios.IrctcLoginPageTest" time="17.171" errors="0" timestamp="2022-08-22T14:10:13 IST" skipped="0">
  <testcase classname="testScenarios.IrctcLoginPageTest" name="loginPageOperation" time="17.171"/>
  <system-out/>
</testsuite> <!-- testScenarios.IrctcLoginPageTest -->
