<?xml version="1.0" encoding="UTF-8"?>
<!-- Generated by org.testng.reporters.JUnitReportReporter -->
<testsuite hostname="LIN80025068" failures="0" tests="1" name="testScenarios.IrctcBookPageTest" time="2.343" errors="0" timestamp="2022-08-17T16:28:28 IST" skipped="0">
  <testcase classname="testScenarios.IrctcBookPageTest" name="bookPageOperation" time="2.343"/>
  <system-out/>
</testsuite> <!-- testScenarios.IrctcBookPageTest -->
